[0m07:22:54.905966 [debug] [MainThread]: Sending event: {'category': 'dbt', 'action': 'invocation', 'label': 'start', 'context': [<snowplow_tracker.self_describing_json.SelfDescribingJson object at 0x7ff24f8a5550>, <snowplow_tracker.self_describing_json.SelfDescribingJson object at 0x7ff25200fcd0>, <snowplow_tracker.self_describing_json.SelfDescribingJson object at 0x7ff24fad5d50>]}


============================== 07:22:54.910409 | d11ea48e-bd2d-4b7d-a8c8-742eddd9c4cd ==============================
[0m07:22:54.910409 [info ] [MainThread]: Running with dbt=1.9.4
[0m07:22:54.911264 [debug] [MainThread]: running dbt with arguments {'printer_width': '80', 'indirect_selection': 'eager', 'write_json': 'True', 'log_cache_events': 'False', 'partial_parse': 'True', 'cache_selected_only': 'False', 'profiles_dir': '/home/zakaria/.dbt', 'version_check': 'True', 'warn_error': 'None', 'log_path': 'logs', 'debug': 'False', 'fail_fast': 'False', 'use_colors': 'True', 'use_experimental_parser': 'False', 'empty': 'None', 'quiet': 'False', 'no_print': 'None', 'warn_error_options': 'WarnErrorOptions(include=[], exclude=[])', 'introspect': 'True', 'static_parser': 'True', 'log_format': 'default', 'target_path': 'None', 'invocation_command': 'dbt init', 'send_anonymous_usage_stats': 'True'}
[0m07:22:54.924613 [warn ] [MainThread]: [ConfigFolderDirectory]: Unable to parse logging event dictionary. Failed to parse dir field: expected string or bytes-like object, got 'PosixPath'.. Dictionary: {'dir': PosixPath('/home/zakaria/.dbt')}
[0m07:22:54.925317 [info ] [MainThread]: Creating dbt configuration folder at 
[0m07:23:01.535673 [debug] [MainThread]: Starter project path: /home/zakaria/python311-airflow/lib/python3.11/site-packages/dbt/include/starter_project
[0m07:23:01.539909 [info ] [MainThread]: 
Your new dbt project "etl_dw" was created!

For more information on how to configure the profiles.yml file,
please consult the dbt documentation here:

  https://docs.getdbt.com/docs/configure-your-profile

One more thing:

Need help? Don't hesitate to reach out to us via GitHub issues or on Slack:

  https://community.getdbt.com/

Happy modeling!

[0m07:23:01.540790 [info ] [MainThread]: Setting up your profile.
[0m07:23:53.444061 [info ] [MainThread]: Profile etl_dw written to /home/zakaria/.dbt/profiles.yml using target's profile_template.yml and your supplied values. Run 'dbt debug' to validate the connection.
[0m07:23:53.458414 [debug] [MainThread]: Resource report: {"command_name": "init", "command_success": true, "command_wall_clock_time": 58.641228, "process_in_blocks": "840", "process_kernel_time": 0.212599, "process_mem_max_rss": "104144", "process_out_blocks": "80", "process_user_time": 2.069837}
[0m07:23:53.460873 [debug] [MainThread]: Command `dbt init` succeeded at 07:23:53.460292 after 58.64 seconds
[0m07:23:53.463258 [debug] [MainThread]: Sending event: {'category': 'dbt', 'action': 'invocation', 'label': 'end', 'context': [<snowplow_tracker.self_describing_json.SelfDescribingJson object at 0x7ff253cc7ed0>, <snowplow_tracker.self_describing_json.SelfDescribingJson object at 0x7ff253bffd10>, <snowplow_tracker.self_describing_json.SelfDescribingJson object at 0x7ff253d64390>]}
[0m07:23:53.465223 [debug] [MainThread]: Flushing usage events
[0m07:23:54.460300 [debug] [MainThread]: An error was encountered while trying to flush usage events
[0m07:24:03.407201 [debug] [MainThread]: Sending event: {'category': 'dbt', 'action': 'invocation', 'label': 'start', 'context': [<snowplow_tracker.self_describing_json.SelfDescribingJson object at 0x7fd3f5bc05d0>, <snowplow_tracker.self_describing_json.SelfDescribingJson object at 0x7fd3f5bc1390>, <snowplow_tracker.self_describing_json.SelfDescribingJson object at 0x7fd3f689c2d0>]}


============================== 07:24:03.411376 | f4364e8f-6ad2-4527-b7d9-765afda8870f ==============================
[0m07:24:03.411376 [info ] [MainThread]: Running with dbt=1.9.4
[0m07:24:03.412339 [debug] [MainThread]: running dbt with arguments {'printer_width': '80', 'indirect_selection': 'eager', 'log_cache_events': 'False', 'write_json': 'True', 'partial_parse': 'True', 'cache_selected_only': 'False', 'profiles_dir': '/home/zakaria/.dbt', 'debug': 'False', 'fail_fast': 'False', 'log_path': 'logs', 'version_check': 'True', 'warn_error': 'None', 'use_colors': 'True', 'use_experimental_parser': 'False', 'no_print': 'None', 'quiet': 'False', 'empty': 'None', 'warn_error_options': 'WarnErrorOptions(include=[], exclude=[])', 'static_parser': 'True', 'log_format': 'default', 'introspect': 'True', 'target_path': 'None', 'invocation_command': 'dbt debug', 'send_anonymous_usage_stats': 'True'}
[0m07:24:03.423130 [info ] [MainThread]: dbt version: 1.9.4
[0m07:24:03.423887 [info ] [MainThread]: python version: 3.11.2
[0m07:24:03.424708 [info ] [MainThread]: python path: /home/zakaria/python311-airflow/bin/python3
[0m07:24:03.425452 [info ] [MainThread]: os info: Linux-6.1.0-35-amd64-x86_64-with-glibc2.36
[0m07:24:03.499908 [info ] [MainThread]: Using profiles dir at /home/zakaria/.dbt
[0m07:24:03.500606 [info ] [MainThread]: Using profiles.yml file at /home/zakaria/.dbt/profiles.yml
[0m07:24:03.501145 [info ] [MainThread]: Using dbt_project.yml file at /home/zakaria/projets/dw/DBT/dbt_project.yml
[0m07:24:03.501865 [info ] [MainThread]: adapter type: postgres
[0m07:24:03.502385 [info ] [MainThread]: adapter version: 1.9.0
[0m07:24:03.502918 [info ] [MainThread]: Configuration:
[0m07:24:03.503424 [info ] [MainThread]:   profiles.yml file [[32mOK found and valid[0m]
[0m07:24:03.503924 [info ] [MainThread]:   dbt_project.yml file [[31mERROR not found[0m]
[0m07:24:03.504464 [info ] [MainThread]: Required dependencies:
[0m07:24:03.504995 [debug] [MainThread]: Executing "git --help"
[0m07:24:03.519213 [debug] [MainThread]: STDOUT: "b"usage: git [-v | --version] [-h | --help] [-C <path>] [-c <name>=<value>]\n           [--exec-path[=<path>]] [--html-path] [--man-path] [--info-path]\n           [-p | --paginate | -P | --no-pager] [--no-replace-objects] [--bare]\n           [--git-dir=<path>] [--work-tree=<path>] [--namespace=<name>]\n           [--super-prefix=<path>] [--config-env=<name>=<envvar>]\n           <command> [<args>]\n\nThese are common Git commands used in various situations:\n\nstart a working area (see also: git help tutorial)\n   clone     Clone a repository into a new directory\n   init      Create an empty Git repository or reinitialize an existing one\n\nwork on the current change (see also: git help everyday)\n   add       Add file contents to the index\n   mv        Move or rename a file, a directory, or a symlink\n   restore   Restore working tree files\n   rm        Remove files from the working tree and from the index\n\nexamine the history and state (see also: git help revisions)\n   bisect    Use binary search to find the commit that introduced a bug\n   diff      Show changes between commits, commit and working tree, etc\n   grep      Print lines matching a pattern\n   log       Show commit logs\n   show      Show various types of objects\n   status    Show the working tree status\n\ngrow, mark and tweak your common history\n   branch    List, create, or delete branches\n   commit    Record changes to the repository\n   merge     Join two or more development histories together\n   rebase    Reapply commits on top of another base tip\n   reset     Reset current HEAD to the specified state\n   switch    Switch branches\n   tag       Create, list, delete or verify a tag object signed with GPG\n\ncollaborate (see also: git help workflows)\n   fetch     Download objects and refs from another repository\n   pull      Fetch from and integrate with another repository or a local branch\n   push      Update remote refs along with associated objects\n\n'git help -a' and 'git help -g' list available subcommands and some\nconcept guides. See 'git help <command>' or 'git help <concept>'\nto read about a specific subcommand or concept.\nSee 'git help git' for an overview of the system.\n""
[0m07:24:03.520506 [debug] [MainThread]: STDERR: "b''"
[0m07:24:03.521204 [info ] [MainThread]:  - git [[32mOK found[0m]

[0m07:24:03.522123 [info ] [MainThread]: Connection:
[0m07:24:03.522998 [info ] [MainThread]:   host: localhost
[0m07:24:03.523610 [info ] [MainThread]:   port: 5432
[0m07:24:03.524162 [info ] [MainThread]:   user: zakaria
[0m07:24:03.525053 [info ] [MainThread]:   database: bd_staging
[0m07:24:03.525903 [info ] [MainThread]:   schema: public
[0m07:24:03.526737 [info ] [MainThread]:   connect_timeout: 10
[0m07:24:03.527655 [info ] [MainThread]:   role: None
[0m07:24:03.528542 [info ] [MainThread]:   search_path: None
[0m07:24:03.529365 [info ] [MainThread]:   keepalives_idle: 0
[0m07:24:03.530104 [info ] [MainThread]:   sslmode: None
[0m07:24:03.530770 [info ] [MainThread]:   sslcert: None
[0m07:24:03.531376 [info ] [MainThread]:   sslkey: None
[0m07:24:03.531974 [info ] [MainThread]:   sslrootcert: None
[0m07:24:03.532567 [info ] [MainThread]:   application_name: dbt
[0m07:24:03.533093 [info ] [MainThread]:   retries: 1
[0m07:24:03.533815 [info ] [MainThread]: Registered adapter: postgres=1.9.0
[0m07:24:03.614705 [debug] [MainThread]: Acquiring new postgres connection 'debug'
[0m07:24:03.652398 [debug] [MainThread]: Using postgres connection "debug"
[0m07:24:03.653013 [debug] [MainThread]: On debug: select 1 as id
[0m07:24:03.653509 [debug] [MainThread]: Opening a new connection, currently in state init
[0m07:24:03.676744 [debug] [MainThread]: SQL status: SELECT 1 in 0.023 seconds
[0m07:24:03.678251 [debug] [MainThread]: On debug: Close
[0m07:24:03.679179 [info ] [MainThread]:   Connection test: [[32mOK connection ok[0m]

[0m07:24:03.679811 [info ] [MainThread]: [31m1 check failed:[0m
[0m07:24:03.680350 [info ] [MainThread]: Project loading failed for the following reason:
 project path </home/zakaria/projets/dw/DBT/dbt_project.yml> not found

[0m07:24:03.681658 [debug] [MainThread]: Resource report: {"command_name": "debug", "command_success": false, "command_wall_clock_time": 0.3545409, "process_in_blocks": "2440", "process_kernel_time": 0.310777, "process_mem_max_rss": "111996", "process_out_blocks": "32", "process_user_time": 2.191379}
[0m07:24:03.682505 [debug] [MainThread]: Command `dbt debug` failed at 07:24:03.682336 after 0.36 seconds
[0m07:24:03.683065 [debug] [MainThread]: Connection 'debug' was properly closed.
[0m07:24:03.683620 [debug] [MainThread]: Sending event: {'category': 'dbt', 'action': 'invocation', 'label': 'end', 'context': [<snowplow_tracker.self_describing_json.SelfDescribingJson object at 0x7fd3f60b7810>, <snowplow_tracker.self_describing_json.SelfDescribingJson object at 0x7fd3f9fe3f10>, <snowplow_tracker.self_describing_json.SelfDescribingJson object at 0x7fd3f5bdb490>]}
[0m07:24:03.684247 [debug] [MainThread]: Flushing usage events
[0m07:24:04.744352 [debug] [MainThread]: An error was encountered while trying to flush usage events
